Arguments: 
  C:\Program Files\nodejs\node.exe C:\Users\phamt\AppData\Roaming\npm\node_modules\yarn\bin\yarn.js add react-currency-formatter

PATH: 
  C:\Program Files\Java\jdk-17.0.1\bin;C:\Program Files (x86)\VMware\VMware Workstation\bin\;C:\Program Files\Common Files\Oracle\Java\javapath;C:\WINDOWS\system32;C:\Program Files\Eclipse Adoptium\jdk-17.0.2.8-hotspot\bin;C:\WINDOWS;C:\WINDOWS\System32\Wbem;C:\WINDOWS\System32\WindowsPowerShell\v1.0\;C:\WINDOWS\System32\OpenSSH\;C:\Users\phamt\AppData\Local\Programs\Python\Python311\Scripts\;C:\Program Files\Azure Data Studio\bin;C:\Program Files\PuTTY\;C:\Program Files\nodejs\;C:\Program Files\Git\cmd;C:\Program Files\MongoDB\Server\5.0\bin;C:\myserver\php-8.1.10;C:\ProgramData\ComposerSetup\bin;C:\bin;C:\Program Files\Microsoft SQL Server\Client SDK\ODBC\130\Tools\Binn\;C:\Program Files (x86)\Microsoft SQL Server\140\Tools\Binn\;C:\Program Files\Microsoft SQL Server\140\Tools\Binn\;C:\Program Files\Microsoft SQL Server\140\DTS\Binn\;C:\Program Files (x86)\Microsoft SQL Server\150\DTS\Binn\;C:\Program Files\Microsoft SQL Server Migration Assistant for MySQL\bin\;C:\Users\phamt\AppData\Local\Programs\Python\Python311\;C:\Users\phamt\AppData\Local\Programs\Python\Python311\Scripts\;C:\Program Files\MongoDB\Server\5.0\bin;C:\Users\phamt\AppData\Local\Microsoft\WindowsApps;C:\Microsoft VS Code\bin;C:\Program Files\Azure Data Studio\bin;C:\Users\phamt\AppData\Roaming\npm;C:\Program Files\Java\jdk-17.0.1\bin;C:\Users\phamt\AppData\Roaming\Composer\vendor\bin;C:\myserver\php-8.1.10;

Yarn version: 
  1.22.19

Node version: 
  16.14.0

Platform: 
  win32 x64

Trace: 
  Error: https://registry.yarnpkg.com/rxjs/-/rxjs-7.8.0.tgz: ESOCKETTIMEDOUT
      at ClientRequest.<anonymous> (C:\Users\phamt\AppData\Roaming\npm\node_modules\yarn\lib\cli.js:141517:19)
      at Object.onceWrapper (node:events:639:28)
      at ClientRequest.emit (node:events:520:28)
      at TLSSocket.emitRequestTimeout (node:_http_client:758:9)
      at Object.onceWrapper (node:events:639:28)
      at TLSSocket.emit (node:events:532:35)
      at TLSSocket.Socket._onTimeout (node:net:501:8)
      at listOnTimeout (node:internal/timers:559:17)
      at processTimers (node:internal/timers:502:7)

npm manifest: 
  {
    "name": "delivery-app",
    "version": "1.0.0",
    "main": "node_modules/expo/AppEntry.js",
    "scripts": {
      "start": "expo start",
      "android": "expo start --android",
      "ios": "expo start --ios",
      "web": "expo start --web"
    },
    "dependencies": {
      "@react-navigation/native": "^6.1.4",
      "@react-navigation/native-stack": "^6.9.10",
      "@sanity/client": "^5.2.2",
      "@sanity/image-url": "^1.0.2",
      "expo": "~47.0.12",
      "expo-status-bar": "~1.4.2",
      "nativewind": "^2.0.11",
      "react": "18.1.0",
      "react-native": "0.70.5",
      "react-native-heroicons": "^3.2.0",
      "react-native-safe-area-context": "4.4.1",
      "react-native-screens": "~3.18.0",
      "react-native-svg": "13.4.0",
      "react-native-url-polyfill": "^1.3.0"
    },
    "devDependencies": {
      "@babel/core": "^7.12.9",
      "tailwindcss": "^3.2.7"
    },
    "private": true
  }

yarn manifest: 
  No manifest

Lockfile: 
  No lockfile
